<?xml version="1.0" encoding="UTF-8"?>
<!-- Generated by org.testng.reporters.JUnitReportReporter -->
<testsuite skipped="0" hostname="HYL-777648" name="com.reqres.tests.ListUserTest" tests="1" failures="0" timestamp="2020-12-23T22:41:50 IST" time="3.227" errors="0">
  <testcase name="listUserTest" time="3.227" classname="com.reqres.tests.ListUserTest"/>
  <system-out/>
</testsuite> <!-- com.reqres.tests.ListUserTest -->
