<?xml version="1.0" encoding="UTF-8"?>
<!-- Generated by org.testng.reporters.JUnitReportReporter -->
<testsuite skipped="0" hostname="HYL-777648" name="com.reqres.tests.LoginTests" tests="2" failures="0" timestamp="2020-12-23T22:41:50 IST" time="2.266" errors="1">
  <testcase name="loginSuccessTest" time="1.203" classname="com.reqres.tests.LoginTests"/>
  <system-out/>
  <testcase name="loginFailureTest" time="1.063" classname="com.reqres.tests.LoginTests">
    <error/>
  </testcase> <!-- loginFailureTest -->
  <system-out/>
</testsuite> <!-- com.reqres.tests.LoginTests -->
